<?xml version="1.0" encoding="UTF-8"?>
<testsuites name="TS_AutorizacionReferencia_SU" time="13.632" tests="3" failures="2" errors="0">
   <testsuite name="TS_AutorizacionReferencia_SU" tests="3" failures="2" errors="0" time="13.632" skipped="0" timestamp="2021-07-16 14:06:24" hostname="Edgar García - DESKTOP-GI6RVR8" id="Test Suites/FVAutorizacionesReferencia_SU/TS_AutorizacionReferencia_SU">
      <properties>
         <property name="deviceName" value=""/>
         <property name="devicePlatform" value=""/>
         <property name="logFolder" value="C:\\Users\\Edgar Garc\u00EDa\\git\\TestAPIs_SCV\\TestAPIs_SCV\\TestAPIs_SCV\\Reports\\20210716_140618\\FVAutorizacionesReferencia_SU\\TS_AutorizacionReferencia_SU\\20210716_140618"/>
         <property name="logFiles" value="C:\\Users\\Edgar Garc\u00EDa\\git\\TestAPIs_SCV\\TestAPIs_SCV\\TestAPIs_SCV\\Reports\\20210716_140618\\FVAutorizacionesReferencia_SU\\TS_AutorizacionReferencia_SU\\20210716_140618\\execution0.log"/>
         <property name="attachments" value=""/>
         <property name="hostName" value="Edgar García - DESKTOP-GI6RVR8"/>
         <property name="hostAddress" value="192.168.100.38"/>
         <property name="os" value="Windows 10 64bit"/>
         <property name="katalonVersion" value="8.0.5.208"/>
      </properties>
      <testcase name="Test Cases/FVAutorizacionesReferencia_SU/setAutorizacionReferencia_SU" time="4.63" classname="Test Cases/FVAutorizacionesReferencia_SU/setAutorizacionReferencia_SU" status="PASSED">
         <system-out><![CDATA[2021-07-16 14:06:24 - [TEST_CASE][PASSED] - Test Cases/FVAutorizacionesReferencia_SU/setAutorizacionReferencia_SU: Test Cases/FVAutorizacionesReferencia_SU/setAutorizacionReferencia_SU

2021-07-16 14:06:24 - [TEST_STEP][PASSED] - operation = 21021291: null

2021-07-16 14:06:24 - [TEST_STEP][PASSED] - valor = 0: null

2021-07-16 14:06:24 - [TEST_STEP][PASSED] - response = sendRequest(findTestObject("FVAutorizacionesReferencia_SU/setAutorizacionReferencia_SU")): Send request successfully

2021-07-16 14:06:25 - [MESSAGE][INFO] - HAR: C:\Users\Edgar García\git\TestAPIs_SCV\TestAPIs_SCV\TestAPIs_SCV\Reports\20210716_140618\FVAutorizacionesReferencia_SU\TS_AutorizacionReferencia_SU\20210716_140618\requests\main\0.har

2021-07-16 14:06:25 - [MESSAGE][PASSED] - Send request successfully

2021-07-16 14:06:25 - [TEST_STEP][PASSED] - if (getResponseStatusCode(response) == 200): Verify element property value successfully

2021-07-16 14:06:25 - [TEST_STEP][PASSED] - if (getElementPropertyValue(response, "bResultado") == true): null

2021-07-16 14:06:25 - [TEST_STEP][PASSED] - else: Verify element property value successfully

2021-07-16 14:06:25 - [TEST_STEP][PASSED] - verifyElementPropertyValue(response, "dFechaEmision", "1900-01-01T00:00:00"): Verify element property value successfully

2021-07-16 14:06:25 - [MESSAGE][PASSED] - Verify element property value successfully

2021-07-16 14:06:25 - [TEST_STEP][PASSED] - verifyElementPropertyValue(response, "dFechaVigencia", "1900-01-01T00:00:00"): Verify element property value successfully

2021-07-16 14:06:25 - [MESSAGE][PASSED] - Verify element property value successfully

2021-07-16 14:06:25 - [TEST_STEP][PASSED] - verifyElementPropertyValue(response, "iError", 67153): Verify element property value successfully

2021-07-16 14:06:25 - [MESSAGE][PASSED] - Verify element property value successfully

2021-07-16 14:06:25 - [TEST_STEP][PASSED] - for ([i = operation, i <= getElementPropertyValue(response, "iNoOperacionModificacion"), (i++)]): null

2021-07-16 14:06:25 - [TEST_STEP][PASSED] - valor = i: null

2021-07-16 14:06:25 - [TEST_STEP][PASSED] - valor = i: null

2021-07-16 14:06:25 - [TEST_STEP][PASSED] - valor = i: null

2021-07-16 14:06:25 - [TEST_STEP][PASSED] - valor = i: null

2021-07-16 14:06:25 - [TEST_STEP][PASSED] - valor = i: null

2021-07-16 14:06:25 - [TEST_STEP][PASSED] - valor = i: null

2021-07-16 14:06:25 - [TEST_STEP][PASSED] - valor = i: null

2021-07-16 14:06:25 - [TEST_STEP][PASSED] - valor = i: null

2021-07-16 14:06:25 - [TEST_STEP][PASSED] - valor = i: null

2021-07-16 14:06:25 - [TEST_STEP][PASSED] - valor = i: null

2021-07-16 14:06:25 - [TEST_STEP][PASSED] - valor = i: null

2021-07-16 14:06:25 - [TEST_STEP][PASSED] - valor = i: null

2021-07-16 14:06:25 - [TEST_STEP][PASSED] - valor = i: null

2021-07-16 14:06:25 - [TEST_STEP][PASSED] - valor = i: null

2021-07-16 14:06:25 - [TEST_STEP][PASSED] - valor = i: null

2021-07-16 14:06:25 - [TEST_STEP][PASSED] - valor = i: null

2021-07-16 14:06:25 - [TEST_STEP][PASSED] - valor = i: null

2021-07-16 14:06:25 - [TEST_STEP][PASSED] - valor = i: null

2021-07-16 14:06:25 - [TEST_STEP][PASSED] - valor = i: null

2021-07-16 14:06:25 - [TEST_STEP][PASSED] - valor = i: null

2021-07-16 14:06:25 - [TEST_STEP][PASSED] - valor = i: null

2021-07-16 14:06:26 - [TEST_STEP][PASSED] - valor = i: null

2021-07-16 14:06:26 - [TEST_STEP][PASSED] - valor = i: null

2021-07-16 14:06:26 - [TEST_STEP][PASSED] - valor = i: null

2021-07-16 14:06:26 - [TEST_STEP][PASSED] - valor = i: null

2021-07-16 14:06:26 - [TEST_STEP][PASSED] - valor = i: null

2021-07-16 14:06:26 - [TEST_STEP][PASSED] - valor = i: null

2021-07-16 14:06:26 - [TEST_STEP][PASSED] - valor = i: null

2021-07-16 14:06:26 - [TEST_STEP][PASSED] - valor = i: null

2021-07-16 14:06:26 - [TEST_STEP][PASSED] - valor = i: null

2021-07-16 14:06:26 - [TEST_STEP][PASSED] - valor = i: null

2021-07-16 14:06:26 - [TEST_STEP][PASSED] - valor = i: null

2021-07-16 14:06:26 - [TEST_STEP][PASSED] - valor = i: null

2021-07-16 14:06:26 - [TEST_STEP][PASSED] - valor = i: null

2021-07-16 14:06:26 - [TEST_STEP][PASSED] - valor = i: null

2021-07-16 14:06:26 - [TEST_STEP][PASSED] - valor = i: null

2021-07-16 14:06:26 - [TEST_STEP][PASSED] - valor = i: null

2021-07-16 14:06:26 - [TEST_STEP][PASSED] - valor = i: null

2021-07-16 14:06:26 - [TEST_STEP][PASSED] - valor = i: null

2021-07-16 14:06:26 - [TEST_STEP][PASSED] - valor = i: null

2021-07-16 14:06:26 - [TEST_STEP][PASSED] - valor = i: null

2021-07-16 14:06:26 - [TEST_STEP][PASSED] - valor = i: null

2021-07-16 14:06:26 - [TEST_STEP][PASSED] - valor = i: null

2021-07-16 14:06:26 - [TEST_STEP][PASSED] - valor = i: null

2021-07-16 14:06:26 - [TEST_STEP][PASSED] - valor = i: null

2021-07-16 14:06:26 - [TEST_STEP][PASSED] - valor = i: null

2021-07-16 14:06:26 - [TEST_STEP][PASSED] - valor = i: null

2021-07-16 14:06:26 - [TEST_STEP][PASSED] - valor = i: null

2021-07-16 14:06:26 - [TEST_STEP][PASSED] - valor = i: null

2021-07-16 14:06:26 - [TEST_STEP][PASSED] - valor = i: null

2021-07-16 14:06:26 - [TEST_STEP][PASSED] - valor = i: null

2021-07-16 14:06:26 - [TEST_STEP][PASSED] - valor = i: null

2021-07-16 14:06:26 - [TEST_STEP][PASSED] - valor = i: null

2021-07-16 14:06:26 - [TEST_STEP][PASSED] - valor = i: null

2021-07-16 14:06:26 - [TEST_STEP][PASSED] - valor = i: null

2021-07-16 14:06:26 - [TEST_STEP][PASSED] - valor = i: null

2021-07-16 14:06:26 - [TEST_STEP][PASSED] - valor = i: null

2021-07-16 14:06:26 - [TEST_STEP][PASSED] - valor = i: null

2021-07-16 14:06:26 - [TEST_STEP][PASSED] - valor = i: null

2021-07-16 14:06:26 - [TEST_STEP][PASSED] - valor = i: null

2021-07-16 14:06:26 - [TEST_STEP][PASSED] - valor = i: null

2021-07-16 14:06:26 - [TEST_STEP][PASSED] - valor = i: null

2021-07-16 14:06:26 - [TEST_STEP][PASSED] - valor = i: null

2021-07-16 14:06:26 - [TEST_STEP][PASSED] - valor = i: null

2021-07-16 14:06:26 - [TEST_STEP][PASSED] - valor = i: null

2021-07-16 14:06:26 - [TEST_STEP][PASSED] - valor = i: null

2021-07-16 14:06:26 - [TEST_STEP][PASSED] - valor = i: null

2021-07-16 14:06:26 - [TEST_STEP][PASSED] - valor = i: null

2021-07-16 14:06:26 - [TEST_STEP][PASSED] - valor = i: null

2021-07-16 14:06:26 - [TEST_STEP][PASSED] - valor = i: null

2021-07-16 14:06:26 - [TEST_STEP][PASSED] - valor = i: null

2021-07-16 14:06:26 - [TEST_STEP][PASSED] - valor = i: null

2021-07-16 14:06:26 - [TEST_STEP][PASSED] - valor = i: null

2021-07-16 14:06:26 - [TEST_STEP][PASSED] - valor = i: null

2021-07-16 14:06:26 - [TEST_STEP][PASSED] - valor = i: null

2021-07-16 14:06:26 - [TEST_STEP][PASSED] - valor = i: null

2021-07-16 14:06:26 - [TEST_STEP][PASSED] - valor = i: null

2021-07-16 14:06:26 - [TEST_STEP][PASSED] - valor = i: null

2021-07-16 14:06:26 - [TEST_STEP][PASSED] - valor = i: null

2021-07-16 14:06:26 - [TEST_STEP][PASSED] - valor = i: null

2021-07-16 14:06:26 - [TEST_STEP][PASSED] - valor = i: null

2021-07-16 14:06:26 - [TEST_STEP][PASSED] - valor = i: null

2021-07-16 14:06:26 - [TEST_STEP][PASSED] - valor = i: null

2021-07-16 14:06:26 - [TEST_STEP][PASSED] - valor = i: null

2021-07-16 14:06:26 - [TEST_STEP][PASSED] - valor = i: null

2021-07-16 14:06:26 - [TEST_STEP][PASSED] - valor = i: null

2021-07-16 14:06:26 - [TEST_STEP][PASSED] - valor = i: null

2021-07-16 14:06:26 - [TEST_STEP][PASSED] - valor = i: null

2021-07-16 14:06:27 - [TEST_STEP][PASSED] - valor = i: null

2021-07-16 14:06:27 - [TEST_STEP][PASSED] - valor = i: null

2021-07-16 14:06:27 - [TEST_STEP][PASSED] - valor = i: null

2021-07-16 14:06:27 - [TEST_STEP][PASSED] - valor = i: null

2021-07-16 14:06:27 - [TEST_STEP][PASSED] - valor = i: null

2021-07-16 14:06:27 - [TEST_STEP][PASSED] - valor = i: null

2021-07-16 14:06:27 - [TEST_STEP][PASSED] - valor = i: null

2021-07-16 14:06:27 - [TEST_STEP][PASSED] - valor = i: null

2021-07-16 14:06:27 - [TEST_STEP][PASSED] - valor = i: null

2021-07-16 14:06:27 - [TEST_STEP][PASSED] - valor = i: null

2021-07-16 14:06:27 - [TEST_STEP][PASSED] - valor = i: null

2021-07-16 14:06:27 - [TEST_STEP][PASSED] - valor = i: null

2021-07-16 14:06:27 - [TEST_STEP][PASSED] - valor = i: null

2021-07-16 14:06:27 - [TEST_STEP][PASSED] - valor = i: null

2021-07-16 14:06:27 - [TEST_STEP][PASSED] - valor = i: null

2021-07-16 14:06:27 - [TEST_STEP][PASSED] - valor = i: null

2021-07-16 14:06:27 - [TEST_STEP][PASSED] - valor = i: null

2021-07-16 14:06:27 - [TEST_STEP][PASSED] - valor = i: null

2021-07-16 14:06:27 - [TEST_STEP][PASSED] - valor = i: null

2021-07-16 14:06:27 - [TEST_STEP][PASSED] - valor = i: null

2021-07-16 14:06:27 - [TEST_STEP][PASSED] - valor = i: null

2021-07-16 14:06:27 - [TEST_STEP][PASSED] - valor = i: null

2021-07-16 14:06:27 - [TEST_STEP][PASSED] - valor = i: null

2021-07-16 14:06:27 - [TEST_STEP][PASSED] - valor = i: null

2021-07-16 14:06:27 - [TEST_STEP][PASSED] - valor = i: null

2021-07-16 14:06:27 - [TEST_STEP][PASSED] - valor = i: null

2021-07-16 14:06:27 - [TEST_STEP][PASSED] - valor = i: null

2021-07-16 14:06:27 - [TEST_STEP][PASSED] - valor = i: null

2021-07-16 14:06:27 - [TEST_STEP][PASSED] - valor = i: null

2021-07-16 14:06:27 - [TEST_STEP][PASSED] - valor = i: null

2021-07-16 14:06:27 - [TEST_STEP][PASSED] - valor = i: null

2021-07-16 14:06:27 - [TEST_STEP][PASSED] - valor = i: null

2021-07-16 14:06:27 - [TEST_STEP][PASSED] - valor = i: null

2021-07-16 14:06:27 - [TEST_STEP][PASSED] - valor = i: null

2021-07-16 14:06:27 - [TEST_STEP][PASSED] - valor = i: null

2021-07-16 14:06:27 - [TEST_STEP][PASSED] - valor = i: null

2021-07-16 14:06:27 - [TEST_STEP][PASSED] - valor = i: null

2021-07-16 14:06:27 - [TEST_STEP][PASSED] - valor = i: null

2021-07-16 14:06:27 - [TEST_STEP][PASSED] - valor = i: null

2021-07-16 14:06:27 - [TEST_STEP][PASSED] - valor = i: null

2021-07-16 14:06:27 - [TEST_STEP][PASSED] - valor = i: null

2021-07-16 14:06:27 - [TEST_STEP][PASSED] - valor = i: null

2021-07-16 14:06:27 - [TEST_STEP][PASSED] - valor = i: null

2021-07-16 14:06:27 - [TEST_STEP][PASSED] - valor = i: null

2021-07-16 14:06:27 - [TEST_STEP][PASSED] - valor = i: null

2021-07-16 14:06:27 - [TEST_STEP][PASSED] - valor = i: null

2021-07-16 14:06:27 - [TEST_STEP][PASSED] - valor = i: null

2021-07-16 14:06:27 - [TEST_STEP][PASSED] - valor = i: null

2021-07-16 14:06:27 - [TEST_STEP][PASSED] - valor = i: null

2021-07-16 14:06:27 - [TEST_STEP][PASSED] - valor = i: null

2021-07-16 14:06:27 - [TEST_STEP][PASSED] - valor = i: null

2021-07-16 14:06:27 - [TEST_STEP][PASSED] - valor = i: null

2021-07-16 14:06:27 - [TEST_STEP][PASSED] - valor = i: null

2021-07-16 14:06:27 - [TEST_STEP][PASSED] - valor = i: null

2021-07-16 14:06:27 - [TEST_STEP][PASSED] - valor = i: null

2021-07-16 14:06:27 - [TEST_STEP][PASSED] - valor = i: null

2021-07-16 14:06:27 - [TEST_STEP][PASSED] - valor = i: null

2021-07-16 14:06:27 - [TEST_STEP][PASSED] - valor = i: null

2021-07-16 14:06:27 - [TEST_STEP][PASSED] - valor = i: null

2021-07-16 14:06:27 - [TEST_STEP][PASSED] - valor = i: null

2021-07-16 14:06:27 - [TEST_STEP][PASSED] - valor = i: null

2021-07-16 14:06:27 - [TEST_STEP][PASSED] - valor = i: null

2021-07-16 14:06:27 - [TEST_STEP][PASSED] - valor = i: null

2021-07-16 14:06:27 - [TEST_STEP][PASSED] - valor = i: null

2021-07-16 14:06:27 - [TEST_STEP][PASSED] - valor = i: null

2021-07-16 14:06:27 - [TEST_STEP][PASSED] - valor = i: null

2021-07-16 14:06:28 - [TEST_STEP][PASSED] - valor = i: null

2021-07-16 14:06:28 - [TEST_STEP][PASSED] - valor = i: null

2021-07-16 14:06:28 - [TEST_STEP][PASSED] - valor = i: null

2021-07-16 14:06:28 - [TEST_STEP][PASSED] - valor = i: null

2021-07-16 14:06:28 - [TEST_STEP][PASSED] - valor = i: null

2021-07-16 14:06:28 - [TEST_STEP][PASSED] - valor = i: null

2021-07-16 14:06:28 - [TEST_STEP][PASSED] - valor = i: null

2021-07-16 14:06:28 - [TEST_STEP][PASSED] - valor = i: null

2021-07-16 14:06:28 - [TEST_STEP][PASSED] - valor = i: null

2021-07-16 14:06:28 - [TEST_STEP][PASSED] - valor = i: null

2021-07-16 14:06:28 - [TEST_STEP][PASSED] - valor = i: null

2021-07-16 14:06:28 - [TEST_STEP][PASSED] - valor = i: null

2021-07-16 14:06:28 - [TEST_STEP][PASSED] - valor = i: null

2021-07-16 14:06:28 - [TEST_STEP][PASSED] - valor = i: null

2021-07-16 14:06:28 - [TEST_STEP][PASSED] - valor = i: null

2021-07-16 14:06:28 - [TEST_STEP][PASSED] - valor = i: null

2021-07-16 14:06:28 - [TEST_STEP][PASSED] - valor = i: null

2021-07-16 14:06:28 - [TEST_STEP][PASSED] - valor = i: null

2021-07-16 14:06:28 - [TEST_STEP][PASSED] - valor = i: null

2021-07-16 14:06:28 - [TEST_STEP][PASSED] - valor = i: null

2021-07-16 14:06:28 - [TEST_STEP][PASSED] - valor = i: null

2021-07-16 14:06:28 - [TEST_STEP][PASSED] - valor = i: null

2021-07-16 14:06:28 - [TEST_STEP][PASSED] - valor = i: null

2021-07-16 14:06:28 - [TEST_STEP][PASSED] - valor = i: null

2021-07-16 14:06:28 - [TEST_STEP][PASSED] - valor = i: null

2021-07-16 14:06:28 - [TEST_STEP][PASSED] - valor = i: null

2021-07-16 14:06:28 - [TEST_STEP][PASSED] - valor = i: null

2021-07-16 14:06:28 - [TEST_STEP][PASSED] - valor = i: null

2021-07-16 14:06:28 - [TEST_STEP][PASSED] - valor = i: null

2021-07-16 14:06:28 - [TEST_STEP][PASSED] - valor = i: null

2021-07-16 14:06:28 - [TEST_STEP][PASSED] - valor = i: null

2021-07-16 14:06:28 - [TEST_STEP][PASSED] - valor = i: null

2021-07-16 14:06:28 - [TEST_STEP][PASSED] - valor = i: null

2021-07-16 14:06:28 - [TEST_STEP][PASSED] - valor = i: null

2021-07-16 14:06:28 - [TEST_STEP][PASSED] - valor = i: null

2021-07-16 14:06:28 - [TEST_STEP][PASSED] - valor = i: null

2021-07-16 14:06:28 - [TEST_STEP][PASSED] - valor = i: null

2021-07-16 14:06:28 - [TEST_STEP][PASSED] - valor = i: null

2021-07-16 14:06:28 - [TEST_STEP][PASSED] - valor = i: null

2021-07-16 14:06:28 - [TEST_STEP][PASSED] - valor = i: null

2021-07-16 14:06:28 - [TEST_STEP][PASSED] - valor = i: null

2021-07-16 14:06:28 - [TEST_STEP][PASSED] - valor = i: null

2021-07-16 14:06:28 - [TEST_STEP][PASSED] - valor = i: null

2021-07-16 14:06:28 - [TEST_STEP][PASSED] - valor = i: null

2021-07-16 14:06:28 - [TEST_STEP][PASSED] - valor = i: null

2021-07-16 14:06:28 - [TEST_STEP][PASSED] - valor = i: null

2021-07-16 14:06:28 - [TEST_STEP][PASSED] - valor = i: null

2021-07-16 14:06:28 - [TEST_STEP][PASSED] - valor = i: null

2021-07-16 14:06:28 - [TEST_STEP][PASSED] - valor = i: null

2021-07-16 14:06:28 - [TEST_STEP][PASSED] - valor = i: null

2021-07-16 14:06:28 - [TEST_STEP][PASSED] - valor = i: null

2021-07-16 14:06:28 - [TEST_STEP][PASSED] - verifyElementPropertyValue(response, "iNoOperacionModificacion", valor): Verify element property value successfully

2021-07-16 14:06:28 - [MESSAGE][PASSED] - Verify element property value successfully

2021-07-16 14:06:28 - [TEST_STEP][PASSED] - verifyElementPropertyValue(response, "mTotalReferencia", 0.0000): Verify element property value successfully

2021-07-16 14:06:28 - [MESSAGE][PASSED] - Verify element property value successfully

2021-07-16 14:06:28 - [TEST_STEP][PASSED] - verifyElementPropertyValue(response, "tiBandera", 3): Verify element property value successfully

2021-07-16 14:06:28 - [MESSAGE][PASSED] - Verify element property value successfully

2021-07-16 14:06:28 - [TEST_STEP][PASSED] - verifyElementPropertyValue(response, "tiEstatusAutorizacion", 0): Verify element property value successfully

2021-07-16 14:06:28 - [MESSAGE][PASSED] - Verify element property value successfully

2021-07-16 14:06:28 - [TEST_STEP][PASSED] - verifyElementPropertyValue(response, "tiEstatusReferencia", -1): Verify element property value successfully

2021-07-16 14:06:28 - [MESSAGE][PASSED] - Verify element property value successfully

2021-07-16 14:06:28 - [TEST_STEP][PASSED] - verifyElementPropertyValue(response, "vchDescEstatusRef", ""): Verify element property value successfully

2021-07-16 14:06:28 - [MESSAGE][PASSED] - Verify element property value successfully

2021-07-16 14:06:28 - [TEST_STEP][PASSED] - verifyElementPropertyValue(response, "vchDescEtatusAut", ""): Verify element property value successfully

2021-07-16 14:06:28 - [MESSAGE][PASSED] - Verify element property value successfully

2021-07-16 14:06:28 - [TEST_STEP][PASSED] - verifyElementPropertyValue(response, "vchMensaje", "La referencia ya se encuentra autorizada"): Verify element property value successfully

2021-07-16 14:06:28 - [MESSAGE][PASSED] - Verify element property value successfully

2021-07-16 14:06:28 - [TEST_STEP][PASSED] - verifyElementPropertyValue(response, "vchMensajeLog", ""): Verify element property value successfully

2021-07-16 14:06:28 - [MESSAGE][PASSED] - Verify element property value successfully

2021-07-16 14:06:28 - [TEST_STEP][PASSED] - verifyElementPropertyValue(response, "vchNombre", ""): Verify element property value successfully

2021-07-16 14:06:28 - [MESSAGE][PASSED] - Verify element property value successfully

2021-07-16 14:06:28 - [TEST_STEP][PASSED] - verifyElementPropertyValue(response, "vchReferencia", ""): Verify element property value successfully

2021-07-16 14:06:28 - [MESSAGE][PASSED] - Verify element property value successfully]]></system-out>
         <system-err><![CDATA[]]></system-err>
      </testcase>
      <testcase name="Test Cases/FVAutorizacionesReferencia_SU/getConsultaReferenciaAut_SU" time="0.661" classname="Test Cases/FVAutorizacionesReferencia_SU/getConsultaReferenciaAut_SU" status="FAILED">
         <failure type="FAILED" message="Test Cases/FVAutorizacionesReferencia_SU/getConsultaReferenciaAut_SU FAILED.
Reason:
com.kms.katalon.core.exception.StepFailedException: Expected element property value '67,104' is not equal with actual property value '67221'
	at com.kms.katalon.core.keyword.internal.KeywordMain.stepFailed(KeywordMain.groovy:39)
	at com.kms.katalon.core.webservice.keyword.builtin.VerifyElementPropertyValueKeyword$_verifyElementPropertyValue_closure1.doCall(VerifyElementPropertyValueKeyword.groovy:56)
	at com.kms.katalon.core.webservice.keyword.builtin.VerifyElementPropertyValueKeyword$_verifyElementPropertyValue_closure1.call(VerifyElementPropertyValueKeyword.groovy)
	at com.kms.katalon.core.keyword.internal.KeywordMain.runKeyword(KeywordMain.groovy:68)
	at com.kms.katalon.core.webservice.keyword.builtin.VerifyElementPropertyValueKeyword.verifyElementPropertyValue(VerifyElementPropertyValueKeyword.groovy:48)
	at com.kms.katalon.core.webservice.keyword.builtin.VerifyElementPropertyValueKeyword.execute(VerifyElementPropertyValueKeyword.groovy:43)
	at com.kms.katalon.core.keyword.internal.KeywordExecutor.executeKeywordForPlatform(KeywordExecutor.groovy:73)
	at com.kms.katalon.core.webservice.keyword.WSBuiltInKeywords.verifyElementPropertyValue(WSBuiltInKeywords.groovy:189)
	at com.kms.katalon.core.webservice.keyword.WSBuiltInKeywords$verifyElementPropertyValue$2.call(Unknown Source)
	at getConsultaReferenciaAut_SU.run(getConsultaReferenciaAut_SU:107)
	at com.kms.katalon.core.main.ScriptEngine.run(ScriptEngine.java:194)
	at com.kms.katalon.core.main.ScriptEngine.runScriptAsRawText(ScriptEngine.java:119)
	at com.kms.katalon.core.main.TestCaseExecutor.runScript(TestCaseExecutor.java:369)
	at com.kms.katalon.core.main.TestCaseExecutor.doExecute(TestCaseExecutor.java:360)
	at com.kms.katalon.core.main.TestCaseExecutor.processExecutionPhase(TestCaseExecutor.java:339)
	at com.kms.katalon.core.main.TestCaseExecutor.accessMainPhase(TestCaseExecutor.java:331)
	at com.kms.katalon.core.main.TestCaseExecutor.execute(TestCaseExecutor.java:248)
	at com.kms.katalon.core.main.TestSuiteExecutor.accessTestCaseMainPhase(TestSuiteExecutor.java:191)
	at com.kms.katalon.core.main.TestSuiteExecutor.accessTestSuiteMainPhase(TestSuiteExecutor.java:140)
	at com.kms.katalon.core.main.TestSuiteExecutor.execute(TestSuiteExecutor.java:89)
	at com.kms.katalon.core.main.TestCaseMain.startTestSuite(TestCaseMain.java:185)
	at com.kms.katalon.core.main.TestCaseMain$startTestSuite$0.call(Unknown Source)
	at TempTestSuite1626462378000.run(TempTestSuite1626462378000.groovy:39)
"/>
         <system-out><![CDATA[2021-07-16 14:06:28 - [TEST_CASE][FAILED] - Test Cases/FVAutorizacionesReferencia_SU/getConsultaReferenciaAut_SU: Test Cases/FVAutorizacionesReferencia_SU/getConsultaReferenciaAut_SU FAILED.
Reason:
com.kms.katalon.core.exception.StepFailedException: Expected element property value '67,104' is not equal with actual property value '67221'
	at com.kms.katalon.core.keyword.internal.KeywordMain.stepFailed(KeywordMain.groovy:39)
	at com.kms.katalon.core.webservice.keyword.builtin.VerifyElementPropertyValueKeyword$_verifyElementPropertyValue_closure1.doCall(VerifyElementPropertyValueKeyword.groovy:56)
	at com.kms.katalon.core.webservice.keyword.builtin.VerifyElementPropertyValueKeyword$_verifyElementPropertyValue_closure1.call(VerifyElementPropertyValueKeyword.groovy)
	at com.kms.katalon.core.keyword.internal.KeywordMain.runKeyword(KeywordMain.groovy:68)
	at com.kms.katalon.core.webservice.keyword.builtin.VerifyElementPropertyValueKeyword.verifyElementPropertyValue(VerifyElementPropertyValueKeyword.groovy:48)
	at com.kms.katalon.core.webservice.keyword.builtin.VerifyElementPropertyValueKeyword.execute(VerifyElementPropertyValueKeyword.groovy:43)
	at com.kms.katalon.core.keyword.internal.KeywordExecutor.executeKeywordForPlatform(KeywordExecutor.groovy:73)
	at com.kms.katalon.core.webservice.keyword.WSBuiltInKeywords.verifyElementPropertyValue(WSBuiltInKeywords.groovy:189)
	at com.kms.katalon.core.webservice.keyword.WSBuiltInKeywords$verifyElementPropertyValue$2.call(Unknown Source)
	at getConsultaReferenciaAut_SU.run(getConsultaReferenciaAut_SU:107)
	at com.kms.katalon.core.main.ScriptEngine.run(ScriptEngine.java:194)
	at com.kms.katalon.core.main.ScriptEngine.runScriptAsRawText(ScriptEngine.java:119)
	at com.kms.katalon.core.main.TestCaseExecutor.runScript(TestCaseExecutor.java:369)
	at com.kms.katalon.core.main.TestCaseExecutor.doExecute(TestCaseExecutor.java:360)
	at com.kms.katalon.core.main.TestCaseExecutor.processExecutionPhase(TestCaseExecutor.java:339)
	at com.kms.katalon.core.main.TestCaseExecutor.accessMainPhase(TestCaseExecutor.java:331)
	at com.kms.katalon.core.main.TestCaseExecutor.execute(TestCaseExecutor.java:248)
	at com.kms.katalon.core.main.TestSuiteExecutor.accessTestCaseMainPhase(TestSuiteExecutor.java:191)
	at com.kms.katalon.core.main.TestSuiteExecutor.accessTestSuiteMainPhase(TestSuiteExecutor.java:140)
	at com.kms.katalon.core.main.TestSuiteExecutor.execute(TestSuiteExecutor.java:89)
	at com.kms.katalon.core.main.TestCaseMain.startTestSuite(TestCaseMain.java:185)
	at com.kms.katalon.core.main.TestCaseMain$startTestSuite$0.call(Unknown Source)
	at TempTestSuite1626462378000.run(TempTestSuite1626462378000.groovy:39)


2021-07-16 14:06:29 - [TEST_STEP][PASSED] - operation = 21021254: null

2021-07-16 14:06:29 - [TEST_STEP][PASSED] - valor = 0: null

2021-07-16 14:06:29 - [TEST_STEP][PASSED] - response = sendRequest(findTestObject("FVAutorizacionesReferencia_SU/getConsultaReferenciaAut_SU")): Send request successfully

2021-07-16 14:06:29 - [MESSAGE][INFO] - HAR: C:\Users\Edgar García\git\TestAPIs_SCV\TestAPIs_SCV\TestAPIs_SCV\Reports\20210716_140618\FVAutorizacionesReferencia_SU\TS_AutorizacionReferencia_SU\20210716_140618\requests\main\1.har

2021-07-16 14:06:29 - [MESSAGE][PASSED] - Send request successfully

2021-07-16 14:06:29 - [TEST_STEP][PASSED] - verifyResponseStatusCode(response, 200): Verify response status code successfully

2021-07-16 14:06:29 - [MESSAGE][PASSED] - Verify response status code successfully

2021-07-16 14:06:29 - [TEST_STEP][PASSED] - if (getElementPropertyValue(response, "bResultado") == true): null

2021-07-16 14:06:29 - [TEST_STEP][FAILED] - else: null

2021-07-16 14:06:29 - [TEST_STEP][PASSED] - verifyElementPropertyValue(response, "dFechaEmision", "1900-01-01T00:00:00"): Verify element property value successfully

2021-07-16 14:06:29 - [MESSAGE][PASSED] - Verify element property value successfully

2021-07-16 14:06:29 - [TEST_STEP][PASSED] - verifyElementPropertyValue(response, "dFechaVigencia", "1900-01-01T00:00:00"): Verify element property value successfully

2021-07-16 14:06:29 - [MESSAGE][PASSED] - Verify element property value successfully

2021-07-16 14:06:29 - [TEST_STEP][FAILED] - verifyElementPropertyValue(response, "iError", 67104): Expected element property value '67,104' is not equal with actual property value '67221'

2021-07-16 14:06:29 - [MESSAGE][FAILED] - Expected element property value '67,104' is not equal with actual property value '67221'

2021-07-16 14:06:29 - [TEST_STEP][FAILED] - verifyElementPropertyValue(response, "iNoOperacionModificacion", -1): Expected element property value '-1' is not equal with actual property value '21021495'

2021-07-16 14:06:29 - [MESSAGE][FAILED] - Expected element property value '-1' is not equal with actual property value '21021495'

2021-07-16 14:06:29 - [TEST_STEP][PASSED] - verifyElementPropertyValue(response, "mTotalReferencia", 0.0000): Verify element property value successfully

2021-07-16 14:06:29 - [MESSAGE][PASSED] - Verify element property value successfully

2021-07-16 14:06:29 - [TEST_STEP][PASSED] - verifyElementPropertyValue(response, "tiBandera", 3): Verify element property value successfully

2021-07-16 14:06:29 - [MESSAGE][PASSED] - Verify element property value successfully

2021-07-16 14:06:29 - [TEST_STEP][PASSED] - verifyElementPropertyValue(response, "tiEstatusAutorizacion", 0): Verify element property value successfully

2021-07-16 14:06:29 - [MESSAGE][PASSED] - Verify element property value successfully

2021-07-16 14:06:29 - [TEST_STEP][PASSED] - verifyElementPropertyValue(response, "tiEstatusReferencia", -1): Verify element property value successfully

2021-07-16 14:06:29 - [MESSAGE][PASSED] - Verify element property value successfully

2021-07-16 14:06:29 - [TEST_STEP][PASSED] - verifyElementPropertyValue(response, "vchDescEstatusRef", ""): Verify element property value successfully

2021-07-16 14:06:29 - [MESSAGE][PASSED] - Verify element property value successfully

2021-07-16 14:06:29 - [TEST_STEP][PASSED] - verifyElementPropertyValue(response, "vchDescEtatusAut", ""): Verify element property value successfully

2021-07-16 14:06:29 - [MESSAGE][PASSED] - Verify element property value successfully

2021-07-16 14:06:29 - [TEST_STEP][FAILED] - verifyElementPropertyValue(response, "vchMensaje", "El usuario no tiene activo un rol de entregador."): Expected element property value 'El usuario no tiene activo un rol de entregador.' is not equal with actual property value 'No existen operaciones con entrega de formas valoradas.'

2021-07-16 14:06:29 - [MESSAGE][FAILED] - Expected element property value 'El usuario no tiene activo un rol de entregador.' is not equal with actual property value 'No existen operaciones con entrega de formas valoradas.'

2021-07-16 14:06:29 - [TEST_STEP][PASSED] - verifyElementPropertyValue(response, "vchMensajeLog", ""): Verify element property value successfully

2021-07-16 14:06:29 - [MESSAGE][PASSED] - Verify element property value successfully

2021-07-16 14:06:29 - [TEST_STEP][PASSED] - verifyElementPropertyValue(response, "vchNombre", ""): Verify element property value successfully

2021-07-16 14:06:29 - [MESSAGE][PASSED] - Verify element property value successfully

2021-07-16 14:06:29 - [TEST_STEP][PASSED] - verifyElementPropertyValue(response, "vchReferencia", ""): Verify element property value successfully

2021-07-16 14:06:29 - [MESSAGE][PASSED] - Verify element property value successfully]]></system-out>
         <system-err><![CDATA[2021-07-16 14:06:28 - [TEST_CASE][FAILED] - Test Cases/FVAutorizacionesReferencia_SU/getConsultaReferenciaAut_SU: Test Cases/FVAutorizacionesReferencia_SU/getConsultaReferenciaAut_SU FAILED.
Reason:
com.kms.katalon.core.exception.StepFailedException: Expected element property value '67,104' is not equal with actual property value '67221'
	at com.kms.katalon.core.keyword.internal.KeywordMain.stepFailed(KeywordMain.groovy:39)
	at com.kms.katalon.core.webservice.keyword.builtin.VerifyElementPropertyValueKeyword$_verifyElementPropertyValue_closure1.doCall(VerifyElementPropertyValueKeyword.groovy:56)
	at com.kms.katalon.core.webservice.keyword.builtin.VerifyElementPropertyValueKeyword$_verifyElementPropertyValue_closure1.call(VerifyElementPropertyValueKeyword.groovy)
	at com.kms.katalon.core.keyword.internal.KeywordMain.runKeyword(KeywordMain.groovy:68)
	at com.kms.katalon.core.webservice.keyword.builtin.VerifyElementPropertyValueKeyword.verifyElementPropertyValue(VerifyElementPropertyValueKeyword.groovy:48)
	at com.kms.katalon.core.webservice.keyword.builtin.VerifyElementPropertyValueKeyword.execute(VerifyElementPropertyValueKeyword.groovy:43)
	at com.kms.katalon.core.keyword.internal.KeywordExecutor.executeKeywordForPlatform(KeywordExecutor.groovy:73)
	at com.kms.katalon.core.webservice.keyword.WSBuiltInKeywords.verifyElementPropertyValue(WSBuiltInKeywords.groovy:189)
	at com.kms.katalon.core.webservice.keyword.WSBuiltInKeywords$verifyElementPropertyValue$2.call(Unknown Source)
	at getConsultaReferenciaAut_SU.run(getConsultaReferenciaAut_SU:107)
	at com.kms.katalon.core.main.ScriptEngine.run(ScriptEngine.java:194)
	at com.kms.katalon.core.main.ScriptEngine.runScriptAsRawText(ScriptEngine.java:119)
	at com.kms.katalon.core.main.TestCaseExecutor.runScript(TestCaseExecutor.java:369)
	at com.kms.katalon.core.main.TestCaseExecutor.doExecute(TestCaseExecutor.java:360)
	at com.kms.katalon.core.main.TestCaseExecutor.processExecutionPhase(TestCaseExecutor.java:339)
	at com.kms.katalon.core.main.TestCaseExecutor.accessMainPhase(TestCaseExecutor.java:331)
	at com.kms.katalon.core.main.TestCaseExecutor.execute(TestCaseExecutor.java:248)
	at com.kms.katalon.core.main.TestSuiteExecutor.accessTestCaseMainPhase(TestSuiteExecutor.java:191)
	at com.kms.katalon.core.main.TestSuiteExecutor.accessTestSuiteMainPhase(TestSuiteExecutor.java:140)
	at com.kms.katalon.core.main.TestSuiteExecutor.execute(TestSuiteExecutor.java:89)
	at com.kms.katalon.core.main.TestCaseMain.startTestSuite(TestCaseMain.java:185)
	at com.kms.katalon.core.main.TestCaseMain$startTestSuite$0.call(Unknown Source)
	at TempTestSuite1626462378000.run(TempTestSuite1626462378000.groovy:39)]]></system-err>
      </testcase>
      <testcase name="Test Cases/FVAutorizacionesReferencia_SU/getConsultaReferencia_SU" time="4.921" classname="Test Cases/FVAutorizacionesReferencia_SU/getConsultaReferencia_SU" status="FAILED">
         <failure type="FAILED" message="Test Cases/FVAutorizacionesReferencia_SU/getConsultaReferencia_SU FAILED.
Reason:
com.kms.katalon.core.exception.StepFailedException: Expected element property value '-1' is not equal with actual property value '2786'
	at com.kms.katalon.core.keyword.internal.KeywordMain.stepFailed(KeywordMain.groovy:39)
	at com.kms.katalon.core.webservice.keyword.builtin.VerifyElementPropertyValueKeyword$_verifyElementPropertyValue_closure1.doCall(VerifyElementPropertyValueKeyword.groovy:56)
	at com.kms.katalon.core.webservice.keyword.builtin.VerifyElementPropertyValueKeyword$_verifyElementPropertyValue_closure1.call(VerifyElementPropertyValueKeyword.groovy)
	at com.kms.katalon.core.keyword.internal.KeywordMain.runKeyword(KeywordMain.groovy:68)
	at com.kms.katalon.core.webservice.keyword.builtin.VerifyElementPropertyValueKeyword.verifyElementPropertyValue(VerifyElementPropertyValueKeyword.groovy:48)
	at com.kms.katalon.core.webservice.keyword.builtin.VerifyElementPropertyValueKeyword.execute(VerifyElementPropertyValueKeyword.groovy:43)
	at com.kms.katalon.core.keyword.internal.KeywordExecutor.executeKeywordForPlatform(KeywordExecutor.groovy:73)
	at com.kms.katalon.core.webservice.keyword.WSBuiltInKeywords.verifyElementPropertyValue(WSBuiltInKeywords.groovy:189)
	at com.kms.katalon.core.webservice.keyword.WSBuiltInKeywords$verifyElementPropertyValue$2.call(Unknown Source)
	at getConsultaReferencia_SU.run(getConsultaReferencia_SU:104)
	at com.kms.katalon.core.main.ScriptEngine.run(ScriptEngine.java:194)
	at com.kms.katalon.core.main.ScriptEngine.runScriptAsRawText(ScriptEngine.java:119)
	at com.kms.katalon.core.main.TestCaseExecutor.runScript(TestCaseExecutor.java:369)
	at com.kms.katalon.core.main.TestCaseExecutor.doExecute(TestCaseExecutor.java:360)
	at com.kms.katalon.core.main.TestCaseExecutor.processExecutionPhase(TestCaseExecutor.java:339)
	at com.kms.katalon.core.main.TestCaseExecutor.accessMainPhase(TestCaseExecutor.java:331)
	at com.kms.katalon.core.main.TestCaseExecutor.execute(TestCaseExecutor.java:248)
	at com.kms.katalon.core.main.TestSuiteExecutor.accessTestCaseMainPhase(TestSuiteExecutor.java:191)
	at com.kms.katalon.core.main.TestSuiteExecutor.accessTestSuiteMainPhase(TestSuiteExecutor.java:140)
	at com.kms.katalon.core.main.TestSuiteExecutor.execute(TestSuiteExecutor.java:89)
	at com.kms.katalon.core.main.TestCaseMain.startTestSuite(TestCaseMain.java:185)
	at com.kms.katalon.core.main.TestCaseMain$startTestSuite$0.call(Unknown Source)
	at TempTestSuite1626462378000.run(TempTestSuite1626462378000.groovy:39)
"/>
         <system-out><![CDATA[2021-07-16 14:06:29 - [TEST_CASE][FAILED] - Test Cases/FVAutorizacionesReferencia_SU/getConsultaReferencia_SU: Test Cases/FVAutorizacionesReferencia_SU/getConsultaReferencia_SU FAILED.
Reason:
com.kms.katalon.core.exception.StepFailedException: Expected element property value '-1' is not equal with actual property value '2786'
	at com.kms.katalon.core.keyword.internal.KeywordMain.stepFailed(KeywordMain.groovy:39)
	at com.kms.katalon.core.webservice.keyword.builtin.VerifyElementPropertyValueKeyword$_verifyElementPropertyValue_closure1.doCall(VerifyElementPropertyValueKeyword.groovy:56)
	at com.kms.katalon.core.webservice.keyword.builtin.VerifyElementPropertyValueKeyword$_verifyElementPropertyValue_closure1.call(VerifyElementPropertyValueKeyword.groovy)
	at com.kms.katalon.core.keyword.internal.KeywordMain.runKeyword(KeywordMain.groovy:68)
	at com.kms.katalon.core.webservice.keyword.builtin.VerifyElementPropertyValueKeyword.verifyElementPropertyValue(VerifyElementPropertyValueKeyword.groovy:48)
	at com.kms.katalon.core.webservice.keyword.builtin.VerifyElementPropertyValueKeyword.execute(VerifyElementPropertyValueKeyword.groovy:43)
	at com.kms.katalon.core.keyword.internal.KeywordExecutor.executeKeywordForPlatform(KeywordExecutor.groovy:73)
	at com.kms.katalon.core.webservice.keyword.WSBuiltInKeywords.verifyElementPropertyValue(WSBuiltInKeywords.groovy:189)
	at com.kms.katalon.core.webservice.keyword.WSBuiltInKeywords$verifyElementPropertyValue$2.call(Unknown Source)
	at getConsultaReferencia_SU.run(getConsultaReferencia_SU:104)
	at com.kms.katalon.core.main.ScriptEngine.run(ScriptEngine.java:194)
	at com.kms.katalon.core.main.ScriptEngine.runScriptAsRawText(ScriptEngine.java:119)
	at com.kms.katalon.core.main.TestCaseExecutor.runScript(TestCaseExecutor.java:369)
	at com.kms.katalon.core.main.TestCaseExecutor.doExecute(TestCaseExecutor.java:360)
	at com.kms.katalon.core.main.TestCaseExecutor.processExecutionPhase(TestCaseExecutor.java:339)
	at com.kms.katalon.core.main.TestCaseExecutor.accessMainPhase(TestCaseExecutor.java:331)
	at com.kms.katalon.core.main.TestCaseExecutor.execute(TestCaseExecutor.java:248)
	at com.kms.katalon.core.main.TestSuiteExecutor.accessTestCaseMainPhase(TestSuiteExecutor.java:191)
	at com.kms.katalon.core.main.TestSuiteExecutor.accessTestSuiteMainPhase(TestSuiteExecutor.java:140)
	at com.kms.katalon.core.main.TestSuiteExecutor.execute(TestSuiteExecutor.java:89)
	at com.kms.katalon.core.main.TestCaseMain.startTestSuite(TestCaseMain.java:185)
	at com.kms.katalon.core.main.TestCaseMain$startTestSuite$0.call(Unknown Source)
	at TempTestSuite1626462378000.run(TempTestSuite1626462378000.groovy:39)


2021-07-16 14:06:29 - [TEST_STEP][PASSED] - operation = 21021208: null

2021-07-16 14:06:29 - [TEST_STEP][PASSED] - valor = 0: null

2021-07-16 14:06:29 - [TEST_STEP][PASSED] - response = sendRequest(findTestObject("FVAutorizacionesReferencia_SU/getConsultaReferencia_SU")): Send request successfully

2021-07-16 14:06:29 - [MESSAGE][INFO] - HAR: C:\Users\Edgar García\git\TestAPIs_SCV\TestAPIs_SCV\TestAPIs_SCV\Reports\20210716_140618\FVAutorizacionesReferencia_SU\TS_AutorizacionReferencia_SU\20210716_140618\requests\main\2.har

2021-07-16 14:06:29 - [MESSAGE][PASSED] - Send request successfully

2021-07-16 14:06:29 - [TEST_STEP][PASSED] - fecha = new java.util.Date(): null

2021-07-16 14:06:29 - [TEST_STEP][PASSED] - hoy = fecha.format("yyyy-MM-dd") + "T00:00:00": null

2021-07-16 14:06:29 - [TEST_STEP][FAILED] - if (getResponseStatusCode(response) == 200): null

2021-07-16 14:06:29 - [TEST_STEP][FAILED] - if (getElementPropertyValue(response, "[0].bResultado") == true): null

2021-07-16 14:06:30 - [TEST_STEP][PASSED] - verifyElementPropertyValue(response, "[0].vchMensaje", "Consulta de referencia correcta"): Verify element property value successfully

2021-07-16 14:06:30 - [MESSAGE][PASSED] - Verify element property value successfully

2021-07-16 14:06:30 - [TEST_STEP][PASSED] - for ([i = operation, i <= getElementPropertyValue(response, "[0].iNoOperacionModificacion"), (i++)]): null

2021-07-16 14:06:30 - [TEST_STEP][PASSED] - valor = i: null

2021-07-16 14:06:30 - [TEST_STEP][PASSED] - valor = i: null

2021-07-16 14:06:30 - [TEST_STEP][PASSED] - valor = i: null

2021-07-16 14:06:30 - [TEST_STEP][PASSED] - valor = i: null

2021-07-16 14:06:30 - [TEST_STEP][PASSED] - valor = i: null

2021-07-16 14:06:30 - [TEST_STEP][PASSED] - valor = i: null

2021-07-16 14:06:30 - [TEST_STEP][PASSED] - valor = i: null

2021-07-16 14:06:30 - [TEST_STEP][PASSED] - valor = i: null

2021-07-16 14:06:30 - [TEST_STEP][PASSED] - valor = i: null

2021-07-16 14:06:30 - [TEST_STEP][PASSED] - valor = i: null

2021-07-16 14:06:30 - [TEST_STEP][PASSED] - valor = i: null

2021-07-16 14:06:30 - [TEST_STEP][PASSED] - valor = i: null

2021-07-16 14:06:30 - [TEST_STEP][PASSED] - valor = i: null

2021-07-16 14:06:30 - [TEST_STEP][PASSED] - valor = i: null

2021-07-16 14:06:30 - [TEST_STEP][PASSED] - valor = i: null

2021-07-16 14:06:30 - [TEST_STEP][PASSED] - valor = i: null

2021-07-16 14:06:30 - [TEST_STEP][PASSED] - valor = i: null

2021-07-16 14:06:30 - [TEST_STEP][PASSED] - valor = i: null

2021-07-16 14:06:30 - [TEST_STEP][PASSED] - valor = i: null

2021-07-16 14:06:30 - [TEST_STEP][PASSED] - valor = i: null

2021-07-16 14:06:30 - [TEST_STEP][PASSED] - valor = i: null

2021-07-16 14:06:30 - [TEST_STEP][PASSED] - valor = i: null

2021-07-16 14:06:30 - [TEST_STEP][PASSED] - valor = i: null

2021-07-16 14:06:30 - [TEST_STEP][PASSED] - valor = i: null

2021-07-16 14:06:30 - [TEST_STEP][PASSED] - valor = i: null

2021-07-16 14:06:30 - [TEST_STEP][PASSED] - valor = i: null

2021-07-16 14:06:30 - [TEST_STEP][PASSED] - valor = i: null

2021-07-16 14:06:30 - [TEST_STEP][PASSED] - valor = i: null

2021-07-16 14:06:30 - [TEST_STEP][PASSED] - valor = i: null

2021-07-16 14:06:30 - [TEST_STEP][PASSED] - valor = i: null

2021-07-16 14:06:30 - [TEST_STEP][PASSED] - valor = i: null

2021-07-16 14:06:30 - [TEST_STEP][PASSED] - valor = i: null

2021-07-16 14:06:30 - [TEST_STEP][PASSED] - valor = i: null

2021-07-16 14:06:30 - [TEST_STEP][PASSED] - valor = i: null

2021-07-16 14:06:30 - [TEST_STEP][PASSED] - valor = i: null

2021-07-16 14:06:30 - [TEST_STEP][PASSED] - valor = i: null

2021-07-16 14:06:30 - [TEST_STEP][PASSED] - valor = i: null

2021-07-16 14:06:30 - [TEST_STEP][PASSED] - valor = i: null

2021-07-16 14:06:30 - [TEST_STEP][PASSED] - valor = i: null

2021-07-16 14:06:30 - [TEST_STEP][PASSED] - valor = i: null

2021-07-16 14:06:30 - [TEST_STEP][PASSED] - valor = i: null

2021-07-16 14:06:30 - [TEST_STEP][PASSED] - valor = i: null

2021-07-16 14:06:30 - [TEST_STEP][PASSED] - valor = i: null

2021-07-16 14:06:30 - [TEST_STEP][PASSED] - valor = i: null

2021-07-16 14:06:30 - [TEST_STEP][PASSED] - valor = i: null

2021-07-16 14:06:30 - [TEST_STEP][PASSED] - valor = i: null

2021-07-16 14:06:30 - [TEST_STEP][PASSED] - valor = i: null

2021-07-16 14:06:30 - [TEST_STEP][PASSED] - valor = i: null

2021-07-16 14:06:30 - [TEST_STEP][PASSED] - valor = i: null

2021-07-16 14:06:30 - [TEST_STEP][PASSED] - valor = i: null

2021-07-16 14:06:30 - [TEST_STEP][PASSED] - valor = i: null

2021-07-16 14:06:30 - [TEST_STEP][PASSED] - valor = i: null

2021-07-16 14:06:30 - [TEST_STEP][PASSED] - valor = i: null

2021-07-16 14:06:30 - [TEST_STEP][PASSED] - valor = i: null

2021-07-16 14:06:30 - [TEST_STEP][PASSED] - valor = i: null

2021-07-16 14:06:30 - [TEST_STEP][PASSED] - valor = i: null

2021-07-16 14:06:30 - [TEST_STEP][PASSED] - valor = i: null

2021-07-16 14:06:30 - [TEST_STEP][PASSED] - valor = i: null

2021-07-16 14:06:30 - [TEST_STEP][PASSED] - valor = i: null

2021-07-16 14:06:30 - [TEST_STEP][PASSED] - valor = i: null

2021-07-16 14:06:30 - [TEST_STEP][PASSED] - valor = i: null

2021-07-16 14:06:30 - [TEST_STEP][PASSED] - valor = i: null

2021-07-16 14:06:30 - [TEST_STEP][PASSED] - valor = i: null

2021-07-16 14:06:30 - [TEST_STEP][PASSED] - valor = i: null

2021-07-16 14:06:30 - [TEST_STEP][PASSED] - valor = i: null

2021-07-16 14:06:30 - [TEST_STEP][PASSED] - valor = i: null

2021-07-16 14:06:30 - [TEST_STEP][PASSED] - valor = i: null

2021-07-16 14:06:30 - [TEST_STEP][PASSED] - valor = i: null

2021-07-16 14:06:30 - [TEST_STEP][PASSED] - valor = i: null

2021-07-16 14:06:30 - [TEST_STEP][PASSED] - valor = i: null

2021-07-16 14:06:30 - [TEST_STEP][PASSED] - valor = i: null

2021-07-16 14:06:30 - [TEST_STEP][PASSED] - valor = i: null

2021-07-16 14:06:30 - [TEST_STEP][PASSED] - valor = i: null

2021-07-16 14:06:30 - [TEST_STEP][PASSED] - valor = i: null

2021-07-16 14:06:30 - [TEST_STEP][PASSED] - valor = i: null

2021-07-16 14:06:30 - [TEST_STEP][PASSED] - valor = i: null

2021-07-16 14:06:30 - [TEST_STEP][PASSED] - valor = i: null

2021-07-16 14:06:30 - [TEST_STEP][PASSED] - valor = i: null

2021-07-16 14:06:31 - [TEST_STEP][PASSED] - valor = i: null

2021-07-16 14:06:31 - [TEST_STEP][PASSED] - valor = i: null

2021-07-16 14:06:31 - [TEST_STEP][PASSED] - valor = i: null

2021-07-16 14:06:31 - [TEST_STEP][PASSED] - valor = i: null

2021-07-16 14:06:31 - [TEST_STEP][PASSED] - valor = i: null

2021-07-16 14:06:31 - [TEST_STEP][PASSED] - valor = i: null

2021-07-16 14:06:31 - [TEST_STEP][PASSED] - valor = i: null

2021-07-16 14:06:31 - [TEST_STEP][PASSED] - valor = i: null

2021-07-16 14:06:31 - [TEST_STEP][PASSED] - valor = i: null

2021-07-16 14:06:31 - [TEST_STEP][PASSED] - valor = i: null

2021-07-16 14:06:31 - [TEST_STEP][PASSED] - valor = i: null

2021-07-16 14:06:31 - [TEST_STEP][PASSED] - valor = i: null

2021-07-16 14:06:31 - [TEST_STEP][PASSED] - valor = i: null

2021-07-16 14:06:31 - [TEST_STEP][PASSED] - valor = i: null

2021-07-16 14:06:31 - [TEST_STEP][PASSED] - valor = i: null

2021-07-16 14:06:31 - [TEST_STEP][PASSED] - valor = i: null

2021-07-16 14:06:31 - [TEST_STEP][PASSED] - valor = i: null

2021-07-16 14:06:31 - [TEST_STEP][PASSED] - valor = i: null

2021-07-16 14:06:31 - [TEST_STEP][PASSED] - valor = i: null

2021-07-16 14:06:31 - [TEST_STEP][PASSED] - valor = i: null

2021-07-16 14:06:31 - [TEST_STEP][PASSED] - valor = i: null

2021-07-16 14:06:31 - [TEST_STEP][PASSED] - valor = i: null

2021-07-16 14:06:31 - [TEST_STEP][PASSED] - valor = i: null

2021-07-16 14:06:31 - [TEST_STEP][PASSED] - valor = i: null

2021-07-16 14:06:31 - [TEST_STEP][PASSED] - valor = i: null

2021-07-16 14:06:31 - [TEST_STEP][PASSED] - valor = i: null

2021-07-16 14:06:31 - [TEST_STEP][PASSED] - valor = i: null

2021-07-16 14:06:31 - [TEST_STEP][PASSED] - valor = i: null

2021-07-16 14:06:31 - [TEST_STEP][PASSED] - valor = i: null

2021-07-16 14:06:31 - [TEST_STEP][PASSED] - valor = i: null

2021-07-16 14:06:31 - [TEST_STEP][PASSED] - valor = i: null

2021-07-16 14:06:31 - [TEST_STEP][PASSED] - valor = i: null

2021-07-16 14:06:31 - [TEST_STEP][PASSED] - valor = i: null

2021-07-16 14:06:31 - [TEST_STEP][PASSED] - valor = i: null

2021-07-16 14:06:31 - [TEST_STEP][PASSED] - valor = i: null

2021-07-16 14:06:31 - [TEST_STEP][PASSED] - valor = i: null

2021-07-16 14:06:31 - [TEST_STEP][PASSED] - valor = i: null

2021-07-16 14:06:31 - [TEST_STEP][PASSED] - valor = i: null

2021-07-16 14:06:31 - [TEST_STEP][PASSED] - valor = i: null

2021-07-16 14:06:31 - [TEST_STEP][PASSED] - valor = i: null

2021-07-16 14:06:31 - [TEST_STEP][PASSED] - valor = i: null

2021-07-16 14:06:31 - [TEST_STEP][PASSED] - valor = i: null

2021-07-16 14:06:31 - [TEST_STEP][PASSED] - valor = i: null

2021-07-16 14:06:31 - [TEST_STEP][PASSED] - valor = i: null

2021-07-16 14:06:31 - [TEST_STEP][PASSED] - valor = i: null

2021-07-16 14:06:31 - [TEST_STEP][PASSED] - valor = i: null

2021-07-16 14:06:31 - [TEST_STEP][PASSED] - valor = i: null

2021-07-16 14:06:31 - [TEST_STEP][PASSED] - valor = i: null

2021-07-16 14:06:31 - [TEST_STEP][PASSED] - valor = i: null

2021-07-16 14:06:31 - [TEST_STEP][PASSED] - valor = i: null

2021-07-16 14:06:31 - [TEST_STEP][PASSED] - valor = i: null

2021-07-16 14:06:31 - [TEST_STEP][PASSED] - valor = i: null

2021-07-16 14:06:31 - [TEST_STEP][PASSED] - valor = i: null

2021-07-16 14:06:31 - [TEST_STEP][PASSED] - valor = i: null

2021-07-16 14:06:31 - [TEST_STEP][PASSED] - valor = i: null

2021-07-16 14:06:31 - [TEST_STEP][PASSED] - valor = i: null

2021-07-16 14:06:31 - [TEST_STEP][PASSED] - valor = i: null

2021-07-16 14:06:31 - [TEST_STEP][PASSED] - valor = i: null

2021-07-16 14:06:31 - [TEST_STEP][PASSED] - valor = i: null

2021-07-16 14:06:31 - [TEST_STEP][PASSED] - valor = i: null

2021-07-16 14:06:31 - [TEST_STEP][PASSED] - valor = i: null

2021-07-16 14:06:31 - [TEST_STEP][PASSED] - valor = i: null

2021-07-16 14:06:31 - [TEST_STEP][PASSED] - valor = i: null

2021-07-16 14:06:31 - [TEST_STEP][PASSED] - valor = i: null

2021-07-16 14:06:31 - [TEST_STEP][PASSED] - valor = i: null

2021-07-16 14:06:31 - [TEST_STEP][PASSED] - valor = i: null

2021-07-16 14:06:31 - [TEST_STEP][PASSED] - valor = i: null

2021-07-16 14:06:31 - [TEST_STEP][PASSED] - valor = i: null

2021-07-16 14:06:31 - [TEST_STEP][PASSED] - valor = i: null

2021-07-16 14:06:31 - [TEST_STEP][PASSED] - valor = i: null

2021-07-16 14:06:31 - [TEST_STEP][PASSED] - valor = i: null

2021-07-16 14:06:31 - [TEST_STEP][PASSED] - valor = i: null

2021-07-16 14:06:31 - [TEST_STEP][PASSED] - valor = i: null

2021-07-16 14:06:31 - [TEST_STEP][PASSED] - valor = i: null

2021-07-16 14:06:32 - [TEST_STEP][PASSED] - valor = i: null

2021-07-16 14:06:32 - [TEST_STEP][PASSED] - valor = i: null

2021-07-16 14:06:32 - [TEST_STEP][PASSED] - valor = i: null

2021-07-16 14:06:32 - [TEST_STEP][PASSED] - valor = i: null

2021-07-16 14:06:32 - [TEST_STEP][PASSED] - valor = i: null

2021-07-16 14:06:32 - [TEST_STEP][PASSED] - valor = i: null

2021-07-16 14:06:32 - [TEST_STEP][PASSED] - valor = i: null

2021-07-16 14:06:32 - [TEST_STEP][PASSED] - valor = i: null

2021-07-16 14:06:32 - [TEST_STEP][PASSED] - valor = i: null

2021-07-16 14:06:32 - [TEST_STEP][PASSED] - valor = i: null

2021-07-16 14:06:32 - [TEST_STEP][PASSED] - valor = i: null

2021-07-16 14:06:32 - [TEST_STEP][PASSED] - valor = i: null

2021-07-16 14:06:32 - [TEST_STEP][PASSED] - valor = i: null

2021-07-16 14:06:32 - [TEST_STEP][PASSED] - valor = i: null

2021-07-16 14:06:32 - [TEST_STEP][PASSED] - valor = i: null

2021-07-16 14:06:32 - [TEST_STEP][PASSED] - valor = i: null

2021-07-16 14:06:32 - [TEST_STEP][PASSED] - valor = i: null

2021-07-16 14:06:32 - [TEST_STEP][PASSED] - valor = i: null

2021-07-16 14:06:32 - [TEST_STEP][PASSED] - valor = i: null

2021-07-16 14:06:32 - [TEST_STEP][PASSED] - valor = i: null

2021-07-16 14:06:32 - [TEST_STEP][PASSED] - valor = i: null

2021-07-16 14:06:32 - [TEST_STEP][PASSED] - valor = i: null

2021-07-16 14:06:32 - [TEST_STEP][PASSED] - valor = i: null

2021-07-16 14:06:32 - [TEST_STEP][PASSED] - valor = i: null

2021-07-16 14:06:32 - [TEST_STEP][PASSED] - valor = i: null

2021-07-16 14:06:32 - [TEST_STEP][PASSED] - valor = i: null

2021-07-16 14:06:32 - [TEST_STEP][PASSED] - valor = i: null

2021-07-16 14:06:32 - [TEST_STEP][PASSED] - valor = i: null

2021-07-16 14:06:32 - [TEST_STEP][PASSED] - valor = i: null

2021-07-16 14:06:32 - [TEST_STEP][PASSED] - valor = i: null

2021-07-16 14:06:32 - [TEST_STEP][PASSED] - valor = i: null

2021-07-16 14:06:32 - [TEST_STEP][PASSED] - valor = i: null

2021-07-16 14:06:32 - [TEST_STEP][PASSED] - valor = i: null

2021-07-16 14:06:32 - [TEST_STEP][PASSED] - valor = i: null

2021-07-16 14:06:32 - [TEST_STEP][PASSED] - valor = i: null

2021-07-16 14:06:32 - [TEST_STEP][PASSED] - valor = i: null

2021-07-16 14:06:32 - [TEST_STEP][PASSED] - valor = i: null

2021-07-16 14:06:32 - [TEST_STEP][PASSED] - valor = i: null

2021-07-16 14:06:32 - [TEST_STEP][PASSED] - valor = i: null

2021-07-16 14:06:32 - [TEST_STEP][PASSED] - valor = i: null

2021-07-16 14:06:32 - [TEST_STEP][PASSED] - valor = i: null

2021-07-16 14:06:32 - [TEST_STEP][PASSED] - valor = i: null

2021-07-16 14:06:32 - [TEST_STEP][PASSED] - valor = i: null

2021-07-16 14:06:32 - [TEST_STEP][PASSED] - valor = i: null

2021-07-16 14:06:32 - [TEST_STEP][PASSED] - valor = i: null

2021-07-16 14:06:32 - [TEST_STEP][PASSED] - valor = i: null

2021-07-16 14:06:32 - [TEST_STEP][PASSED] - valor = i: null

2021-07-16 14:06:32 - [TEST_STEP][PASSED] - valor = i: null

2021-07-16 14:06:32 - [TEST_STEP][PASSED] - valor = i: null

2021-07-16 14:06:32 - [TEST_STEP][PASSED] - valor = i: null

2021-07-16 14:06:32 - [TEST_STEP][PASSED] - valor = i: null

2021-07-16 14:06:32 - [TEST_STEP][PASSED] - valor = i: null

2021-07-16 14:06:32 - [TEST_STEP][PASSED] - valor = i: null

2021-07-16 14:06:32 - [TEST_STEP][PASSED] - valor = i: null

2021-07-16 14:06:32 - [TEST_STEP][PASSED] - valor = i: null

2021-07-16 14:06:32 - [TEST_STEP][PASSED] - valor = i: null

2021-07-16 14:06:32 - [TEST_STEP][PASSED] - valor = i: null

2021-07-16 14:06:32 - [TEST_STEP][PASSED] - valor = i: null

2021-07-16 14:06:32 - [TEST_STEP][PASSED] - valor = i: null

2021-07-16 14:06:32 - [TEST_STEP][PASSED] - valor = i: null

2021-07-16 14:06:32 - [TEST_STEP][PASSED] - valor = i: null

2021-07-16 14:06:32 - [TEST_STEP][PASSED] - valor = i: null

2021-07-16 14:06:32 - [TEST_STEP][PASSED] - valor = i: null

2021-07-16 14:06:32 - [TEST_STEP][PASSED] - valor = i: null

2021-07-16 14:06:32 - [TEST_STEP][PASSED] - valor = i: null

2021-07-16 14:06:32 - [TEST_STEP][PASSED] - valor = i: null

2021-07-16 14:06:32 - [TEST_STEP][PASSED] - valor = i: null

2021-07-16 14:06:32 - [TEST_STEP][PASSED] - valor = i: null

2021-07-16 14:06:32 - [TEST_STEP][PASSED] - valor = i: null

2021-07-16 14:06:32 - [TEST_STEP][PASSED] - valor = i: null

2021-07-16 14:06:32 - [TEST_STEP][PASSED] - valor = i: null

2021-07-16 14:06:32 - [TEST_STEP][PASSED] - valor = i: null

2021-07-16 14:06:32 - [TEST_STEP][PASSED] - valor = i: null

2021-07-16 14:06:32 - [TEST_STEP][PASSED] - valor = i: null

2021-07-16 14:06:32 - [TEST_STEP][PASSED] - valor = i: null

2021-07-16 14:06:32 - [TEST_STEP][PASSED] - valor = i: null

2021-07-16 14:06:32 - [TEST_STEP][PASSED] - valor = i: null

2021-07-16 14:06:32 - [TEST_STEP][PASSED] - valor = i: null

2021-07-16 14:06:32 - [TEST_STEP][PASSED] - valor = i: null

2021-07-16 14:06:32 - [TEST_STEP][PASSED] - valor = i: null

2021-07-16 14:06:33 - [TEST_STEP][PASSED] - valor = i: null

2021-07-16 14:06:33 - [TEST_STEP][PASSED] - valor = i: null

2021-07-16 14:06:33 - [TEST_STEP][PASSED] - valor = i: null

2021-07-16 14:06:33 - [TEST_STEP][PASSED] - valor = i: null

2021-07-16 14:06:33 - [TEST_STEP][PASSED] - valor = i: null

2021-07-16 14:06:33 - [TEST_STEP][PASSED] - valor = i: null

2021-07-16 14:06:33 - [TEST_STEP][PASSED] - valor = i: null

2021-07-16 14:06:33 - [TEST_STEP][PASSED] - valor = i: null

2021-07-16 14:06:33 - [TEST_STEP][PASSED] - valor = i: null

2021-07-16 14:06:33 - [TEST_STEP][PASSED] - valor = i: null

2021-07-16 14:06:33 - [TEST_STEP][PASSED] - valor = i: null

2021-07-16 14:06:33 - [TEST_STEP][PASSED] - valor = i: null

2021-07-16 14:06:33 - [TEST_STEP][PASSED] - valor = i: null

2021-07-16 14:06:33 - [TEST_STEP][PASSED] - valor = i: null

2021-07-16 14:06:33 - [TEST_STEP][PASSED] - valor = i: null

2021-07-16 14:06:33 - [TEST_STEP][PASSED] - valor = i: null

2021-07-16 14:06:33 - [TEST_STEP][PASSED] - valor = i: null

2021-07-16 14:06:33 - [TEST_STEP][PASSED] - valor = i: null

2021-07-16 14:06:33 - [TEST_STEP][PASSED] - valor = i: null

2021-07-16 14:06:33 - [TEST_STEP][PASSED] - valor = i: null

2021-07-16 14:06:33 - [TEST_STEP][PASSED] - valor = i: null

2021-07-16 14:06:33 - [TEST_STEP][PASSED] - valor = i: null

2021-07-16 14:06:33 - [TEST_STEP][PASSED] - valor = i: null

2021-07-16 14:06:33 - [TEST_STEP][PASSED] - valor = i: null

2021-07-16 14:06:33 - [TEST_STEP][PASSED] - valor = i: null

2021-07-16 14:06:33 - [TEST_STEP][PASSED] - valor = i: null

2021-07-16 14:06:33 - [TEST_STEP][PASSED] - valor = i: null

2021-07-16 14:06:33 - [TEST_STEP][PASSED] - valor = i: null

2021-07-16 14:06:33 - [TEST_STEP][PASSED] - valor = i: null

2021-07-16 14:06:33 - [TEST_STEP][PASSED] - valor = i: null

2021-07-16 14:06:33 - [TEST_STEP][PASSED] - valor = i: null

2021-07-16 14:06:33 - [TEST_STEP][PASSED] - valor = i: null

2021-07-16 14:06:33 - [TEST_STEP][PASSED] - valor = i: null

2021-07-16 14:06:33 - [TEST_STEP][PASSED] - valor = i: null

2021-07-16 14:06:33 - [TEST_STEP][PASSED] - valor = i: null

2021-07-16 14:06:33 - [TEST_STEP][PASSED] - valor = i: null

2021-07-16 14:06:33 - [TEST_STEP][PASSED] - valor = i: null

2021-07-16 14:06:33 - [TEST_STEP][PASSED] - valor = i: null

2021-07-16 14:06:33 - [TEST_STEP][PASSED] - valor = i: null

2021-07-16 14:06:33 - [TEST_STEP][PASSED] - valor = i: null

2021-07-16 14:06:33 - [TEST_STEP][PASSED] - valor = i: null

2021-07-16 14:06:33 - [TEST_STEP][PASSED] - valor = i: null

2021-07-16 14:06:33 - [TEST_STEP][PASSED] - valor = i: null

2021-07-16 14:06:33 - [TEST_STEP][PASSED] - valor = i: null

2021-07-16 14:06:33 - [TEST_STEP][PASSED] - valor = i: null

2021-07-16 14:06:33 - [TEST_STEP][PASSED] - valor = i: null

2021-07-16 14:06:33 - [TEST_STEP][PASSED] - valor = i: null

2021-07-16 14:06:33 - [TEST_STEP][PASSED] - valor = i: null

2021-07-16 14:06:33 - [TEST_STEP][PASSED] - valor = i: null

2021-07-16 14:06:33 - [TEST_STEP][PASSED] - valor = i: null

2021-07-16 14:06:33 - [TEST_STEP][PASSED] - valor = i: null

2021-07-16 14:06:33 - [TEST_STEP][PASSED] - valor = i: null

2021-07-16 14:06:33 - [TEST_STEP][PASSED] - valor = i: null

2021-07-16 14:06:33 - [TEST_STEP][PASSED] - valor = i: null

2021-07-16 14:06:33 - [TEST_STEP][PASSED] - valor = i: null

2021-07-16 14:06:33 - [TEST_STEP][PASSED] - valor = i: null

2021-07-16 14:06:33 - [TEST_STEP][PASSED] - valor = i: null

2021-07-16 14:06:33 - [TEST_STEP][PASSED] - valor = i: null

2021-07-16 14:06:33 - [TEST_STEP][PASSED] - valor = i: null

2021-07-16 14:06:33 - [TEST_STEP][PASSED] - valor = i: null

2021-07-16 14:06:33 - [TEST_STEP][PASSED] - verifyElementPropertyValue(response, "[0].iNoOperacionModificacion", valor): Verify element property value successfully

2021-07-16 14:06:33 - [MESSAGE][PASSED] - Verify element property value successfully

2021-07-16 14:06:33 - [TEST_STEP][PASSED] - verifyElementPropertyValue(response, "[0].iError", 0): Verify element property value successfully

2021-07-16 14:06:33 - [MESSAGE][PASSED] - Verify element property value successfully

2021-07-16 14:06:33 - [TEST_STEP][PASSED] - verifyElementPropertyValue(response, "[0].vchReferencia", 11125120071631703225): Verify element property value successfully

2021-07-16 14:06:33 - [MESSAGE][PASSED] - Verify element property value successfully

2021-07-16 14:06:33 - [TEST_STEP][PASSED] - verifyElementPropertyValue(response, "[0].tiOficina", 0): Verify element property value successfully

2021-07-16 14:06:33 - [MESSAGE][PASSED] - Verify element property value successfully

2021-07-16 14:06:33 - [TEST_STEP][PASSED] - verifyElementPropertyValue(response, "[0].vchOficina", "PUEBLA I FINANZAS"): Verify element property value successfully

2021-07-16 14:06:33 - [MESSAGE][PASSED] - Verify element property value successfully

2021-07-16 14:06:33 - [TEST_STEP][PASSED] - verifyElementPropertyValue(response, "[0].smTipoMovimiento", 1): Verify element property value successfully

2021-07-16 14:06:33 - [MESSAGE][PASSED] - Verify element property value successfully

2021-07-16 14:06:33 - [TEST_STEP][PASSED] - verifyElementPropertyValue(response, "[0].vchMovimiento", "ALTA VEHICULO"): Verify element property value successfully

2021-07-16 14:06:33 - [MESSAGE][PASSED] - Verify element property value successfully

2021-07-16 14:06:33 - [TEST_STEP][PASSED] - verifyElementPropertyValue(response, "[0].iNoOperacion", 21019796): Verify element property value successfully

2021-07-16 14:06:33 - [MESSAGE][PASSED] - Verify element property value successfully

2021-07-16 14:06:33 - [TEST_STEP][PASSED] - verifyElementPropertyValue(response, "[0].iControl", 200002523): Verify element property value successfully

2021-07-16 14:06:33 - [MESSAGE][PASSED] - Verify element property value successfully

2021-07-16 14:06:33 - [TEST_STEP][PASSED] - verifyElementPropertyValue(response, "[0].vchPlaca", "13DGS2"): Verify element property value successfully

2021-07-16 14:06:33 - [MESSAGE][PASSED] - Verify element property value successfully

2021-07-16 14:06:33 - [TEST_STEP][PASSED] - verifyElementPropertyValue(response, "[0].vchNombre", "SANTOS CAZARIN CRUZ DAVID ESTUARDO"): Verify element property value successfully

2021-07-16 14:06:33 - [MESSAGE][PASSED] - Verify element property value successfully

2021-07-16 14:06:33 - [TEST_STEP][PASSED] - verifyElementPropertyValue(response, "[0].vchRFC", "SACC790503PC6"): Verify element property value successfully

2021-07-16 14:06:33 - [MESSAGE][PASSED] - Verify element property value successfully

2021-07-16 14:06:33 - [TEST_STEP][PASSED] - verifyElementPropertyValue(response, "[0].iModelo", 2020): Verify element property value successfully

2021-07-16 14:06:33 - [MESSAGE][PASSED] - Verify element property value successfully

2021-07-16 14:06:33 - [TEST_STEP][PASSED] - verifyElementPropertyValue(response, "[0].tiClaseTipo", 71): Verify element property value successfully

2021-07-16 14:06:33 - [MESSAGE][PASSED] - Verify element property value successfully

2021-07-16 14:06:33 - [TEST_STEP][PASSED] - verifyElementPropertyValue(response, "[0].vchSerie", "F25BKFA4903"): Verify element property value successfully

2021-07-16 14:06:33 - [MESSAGE][PASSED] - Verify element property value successfully

2021-07-16 14:06:33 - [TEST_STEP][PASSED] - verifyElementPropertyValue(response, "[0].tiCilindros", 0): Verify element property value successfully

2021-07-16 14:06:33 - [MESSAGE][PASSED] - Verify element property value successfully

2021-07-16 14:06:33 - [TEST_STEP][PASSED] - verifyElementPropertyValue(response, "[0].vchNoMotor", "MOTORNO"): Verify element property value successfully

2021-07-16 14:06:33 - [MESSAGE][PASSED] - Verify element property value successfully

2021-07-16 14:06:33 - [TEST_STEP][PASSED] - verifyElementPropertyValue(response, "[0].tiCombustible", 77): Verify element property value successfully

2021-07-16 14:06:33 - [MESSAGE][PASSED] - Verify element property value successfully

2021-07-16 14:06:33 - [TEST_STEP][PASSED] - verifyElementPropertyValue(response, "[0].tiTipoServicio", 86): Verify element property value successfully

2021-07-16 14:06:33 - [MESSAGE][PASSED] - Verify element property value successfully

2021-07-16 14:06:33 - [TEST_STEP][PASSED] - verifyElementPropertyValue(response, "[0].vchProcedencia", "NACIONAL"): Verify element property value successfully

2021-07-16 14:06:33 - [MESSAGE][PASSED] - Verify element property value successfully

2021-07-16 14:06:33 - [TEST_STEP][PASSED] - if (dFechaExpedicion").equals("1900-01-01T00:00:00")): null

2021-07-16 14:06:33 - [TEST_STEP][PASSED] - else: Verify element property value successfully

2021-07-16 14:06:33 - [TEST_STEP][PASSED] - verifyElementPropertyValue(response, "[0].dFechaExpedicion", getElementPropertyValue(response, "[0].dFechaExpedicion")): Verify element property value successfully

2021-07-16 14:06:34 - [MESSAGE][PASSED] - Verify element property value successfully

2021-07-16 14:06:34 - [TEST_STEP][PASSED] - verifyElementPropertyValue(response, "[0].vchVigencia", "PERMANENTE"): Verify element property value successfully

2021-07-16 14:06:34 - [MESSAGE][PASSED] - Verify element property value successfully

2021-07-16 14:06:34 - [TEST_STEP][PASSED] - verifyElementPropertyValue(response, "[0].tiTramite", 2): Verify element property value successfully

2021-07-16 14:06:34 - [MESSAGE][PASSED] - Verify element property value successfully

2021-07-16 14:06:34 - [TEST_STEP][PASSED] - verifyElementPropertyValue(response, "[0].vchCalcomania", ""): Verify element property value successfully

2021-07-16 14:06:34 - [MESSAGE][PASSED] - Verify element property value successfully

2021-07-16 14:06:34 - [TEST_STEP][PASSED] - verifyElementPropertyValue(response, "[0].vchUsoVehiculo", "01"): Verify element property value successfully

2021-07-16 14:06:34 - [MESSAGE][PASSED] - Verify element property value successfully

2021-07-16 14:06:34 - [TEST_STEP][PASSED] - verifyElementPropertyValue(response, "[0].iNumeroForma", 12): Verify element property value successfully

2021-07-16 14:06:34 - [MESSAGE][PASSED] - Verify element property value successfully

2021-07-16 14:06:34 - [TEST_STEP][PASSED] - verifyElementPropertyValue(response, "[0].vchDescripcionForma", "TARJETA DE CIRCULACION"): Verify element property value successfully

2021-07-16 14:06:34 - [MESSAGE][PASSED] - Verify element property value successfully

2021-07-16 14:06:34 - [TEST_STEP][FAILED] - verifyElementPropertyValue(response, "[0].iFolio", -1): Expected element property value '-1' is not equal with actual property value '2786'

2021-07-16 14:06:34 - [MESSAGE][FAILED] - Expected element property value '-1' is not equal with actual property value '2786'

2021-07-16 14:06:34 - [TEST_STEP][FAILED] - verifyElementPropertyValue(response, "[0].iIdEstatus", 1): Expected element property value '1' is not equal with actual property value '3'

2021-07-16 14:06:34 - [MESSAGE][FAILED] - Expected element property value '1' is not equal with actual property value '3'

2021-07-16 14:06:34 - [TEST_STEP][FAILED] - verifyElementPropertyValue(response, "[0].vchEstatus", "REGISTRADO"): Expected element property value 'REGISTRADO' is not equal with actual property value 'ENTREGADO'

2021-07-16 14:06:34 - [MESSAGE][FAILED] - Expected element property value 'REGISTRADO' is not equal with actual property value 'ENTREGADO'

2021-07-16 14:06:34 - [TEST_STEP][PASSED] - verifyElementPropertyValue(response, "[0].vchNombreTramite", "SANTOS CAZARIN CRUZ DAVID ESTUARDO"): Verify element property value successfully

2021-07-16 14:06:34 - [MESSAGE][PASSED] - Verify element property value successfully

2021-07-16 14:06:34 - [TEST_STEP][PASSED] - verifyElementPropertyValue(response, "[0].vchIdentificacion", "I.F.E.                                  "): Verify element property value successfully

2021-07-16 14:06:34 - [MESSAGE][PASSED] - Verify element property value successfully

2021-07-16 14:06:34 - [TEST_STEP][PASSED] - verifyElementPropertyValue(response, "[0].vchFolioIdentificacion", "NA"): Verify element property value successfully

2021-07-16 14:06:34 - [MESSAGE][PASSED] - Verify element property value successfully

2021-07-16 14:06:34 - [TEST_STEP][PASSED] - verifyElementPropertyValue(response, "[0].vchCalcomaniaAlfanumerica", ""): Verify element property value successfully

2021-07-16 14:06:34 - [MESSAGE][PASSED] - Verify element property value successfully

2021-07-16 14:06:34 - [TEST_STEP][PASSED] - verifyElementPropertyValue(response, "[0].vchToneladas", "2500"): Verify element property value successfully

2021-07-16 14:06:34 - [MESSAGE][PASSED] - Verify element property value successfully

2021-07-16 14:06:34 - [TEST_STEP][PASSED] - verifyElementPropertyValue(response, "[0].vchCalle", "221"): Verify element property value successfully

2021-07-16 14:06:34 - [MESSAGE][PASSED] - Verify element property value successfully

2021-07-16 14:06:34 - [TEST_STEP][PASSED] - verifyElementPropertyValue(response, "[0].vchNoExterior", "22211"): Verify element property value successfully

2021-07-16 14:06:34 - [MESSAGE][PASSED] - Verify element property value successfully

2021-07-16 14:06:34 - [TEST_STEP][PASSED] - verifyElementPropertyValue(response, "[0].vchNoInterior", ""): Verify element property value successfully

2021-07-16 14:06:34 - [MESSAGE][PASSED] - Verify element property value successfully

2021-07-16 14:06:34 - [TEST_STEP][PASSED] - verifyElementPropertyValue(response, "[0].vchLetra", ""): Verify element property value successfully

2021-07-16 14:06:34 - [MESSAGE][PASSED] - Verify element property value successfully

2021-07-16 14:06:34 - [TEST_STEP][PASSED] - verifyElementPropertyValue(response, "[0].vchColonia", "LAS CANOAS                                                                                          "): Verify element property value successfully

2021-07-16 14:06:34 - [MESSAGE][PASSED] - Verify element property value successfully

2021-07-16 14:06:34 - [TEST_STEP][PASSED] - verifyElementPropertyValue(response, "[0].vchLocalidad", "APATAUYAN                                                                                           "): Verify element property value successfully

2021-07-16 14:06:34 - [MESSAGE][PASSED] - Verify element property value successfully

2021-07-16 14:06:34 - [TEST_STEP][PASSED] - verifyElementPropertyValue(response, "[0].vchMunicipio", "ATEMPAN                                                                                             "): Verify element property value successfully

2021-07-16 14:06:34 - [MESSAGE][PASSED] - Verify element property value successfully

2021-07-16 14:06:34 - [TEST_STEP][PASSED] - verifyElementPropertyValue(response, "[0].vchComplemento", "PLACA= 13DGS2 #NIV= F25BKFA4903"): Verify element property value successfully

2021-07-16 14:06:34 - [MESSAGE][PASSED] - Verify element property value successfully

2021-07-16 14:06:34 - [TEST_STEP][PASSED] - verifyElementPropertyValue(response, "[0].vchDescCombustible", "GASOLINA  "): Verify element property value successfully

2021-07-16 14:06:34 - [MESSAGE][PASSED] - Verify element property value successfully

2021-07-16 14:06:34 - [TEST_STEP][PASSED] - verifyElementPropertyValue(response, "[0].tiFirma", 1): Verify element property value successfully

2021-07-16 14:06:34 - [MESSAGE][PASSED] - Verify element property value successfully

2021-07-16 14:06:34 - [TEST_STEP][PASSED] - verifyElementPropertyValue(response, "[0].vchPuestoFirma", "SECRETARIA DE PLANEACION Y FINANZAS"): Verify element property value successfully

2021-07-16 14:06:34 - [MESSAGE][PASSED] - Verify element property value successfully

2021-07-16 14:06:34 - [TEST_STEP][PASSED] - verifyElementPropertyValue(response, "[0].vchNombreFirma", "ACT.  MARIA TERESA CASTRO CORRO"): Verify element property value successfully

2021-07-16 14:06:34 - [MESSAGE][PASSED] - Verify element property value successfully

2021-07-16 14:06:34 - [TEST_STEP][PASSED] - verifyElementPropertyValue(response, "[0].vchPuestoFirma2", "SECRETARIO DE MOVILIDAD Y TRANSPORTE"): Verify element property value successfully

2021-07-16 14:06:34 - [MESSAGE][PASSED] - Verify element property value successfully

2021-07-16 14:06:34 - [TEST_STEP][PASSED] - verifyElementPropertyValue(response, "[0].vchNombreFirma2", "MTRO. GUILLERMO ARECHIGA SANTAMARIA"): Verify element property value successfully

2021-07-16 14:06:34 - [MESSAGE][PASSED] - Verify element property value successfully

2021-07-16 14:06:34 - [TEST_STEP][PASSED] - verifyElementPropertyValue(response, "[0].vchClaveVehicular", "2020517"): Verify element property value successfully

2021-07-16 14:06:34 - [MESSAGE][PASSED] - Verify element property value successfully

2021-07-16 14:06:34 - [TEST_STEP][PASSED] - verifyElementPropertyValue(response, "[0].vchEmpresa", ""): Verify element property value successfully

2021-07-16 14:06:34 - [MESSAGE][PASSED] - Verify element property value successfully

2021-07-16 14:06:34 - [TEST_STEP][PASSED] - verifyElementPropertyValue(response, "[0].vchCURP", "SACC790503HVZNZR00"): Verify element property value successfully

2021-07-16 14:06:34 - [MESSAGE][PASSED] - Verify element property value successfully

2021-07-16 14:06:34 - [TEST_STEP][PASSED] - verifyElementPropertyValue(response, "[0].tiBan_cve_veh", 2): Verify element property value successfully

2021-07-16 14:06:34 - [MESSAGE][PASSED] - Verify element property value successfully

2021-07-16 14:06:34 - [TEST_STEP][PASSED] - verifyElementPropertyValue(response, "[0].vchDesc_uso", "PARTICULAR                                        "): Verify element property value successfully

2021-07-16 14:06:34 - [MESSAGE][PASSED] - Verify element property value successfully

2021-07-16 14:06:34 - [TEST_STEP][FAILED] - verifyElementPropertyValue(response, "[0].tiAsignacion", 1): Expected element property value '1' is not equal with actual property value '0'

2021-07-16 14:06:34 - [MESSAGE][FAILED] - Expected element property value '1' is not equal with actual property value '0'

2021-07-16 14:06:34 - [TEST_STEP][PASSED] - verifyElementPropertyValue(response, "[0].vchMarca2", "FORD           "): Verify element property value successfully

2021-07-16 14:06:34 - [MESSAGE][PASSED] - Verify element property value successfully

2021-07-16 14:06:34 - [TEST_STEP][PASSED] - verifyElementPropertyValue(response, "[0].vchLinea2", "F - 700                  "): Verify element property value successfully

2021-07-16 14:06:34 - [MESSAGE][PASSED] - Verify element property value successfully

2021-07-16 14:06:34 - [TEST_STEP][PASSED] - verifyElementPropertyValue(response, "[0].vchTipo2", "153 LPG 28000 L"): Verify element property value successfully

2021-07-16 14:06:34 - [MESSAGE][PASSED] - Verify element property value successfully]]></system-out>
         <system-err><![CDATA[2021-07-16 14:06:29 - [TEST_CASE][FAILED] - Test Cases/FVAutorizacionesReferencia_SU/getConsultaReferencia_SU: Test Cases/FVAutorizacionesReferencia_SU/getConsultaReferencia_SU FAILED.
Reason:
com.kms.katalon.core.exception.StepFailedException: Expected element property value '-1' is not equal with actual property value '2786'
	at com.kms.katalon.core.keyword.internal.KeywordMain.stepFailed(KeywordMain.groovy:39)
	at com.kms.katalon.core.webservice.keyword.builtin.VerifyElementPropertyValueKeyword$_verifyElementPropertyValue_closure1.doCall(VerifyElementPropertyValueKeyword.groovy:56)
	at com.kms.katalon.core.webservice.keyword.builtin.VerifyElementPropertyValueKeyword$_verifyElementPropertyValue_closure1.call(VerifyElementPropertyValueKeyword.groovy)
	at com.kms.katalon.core.keyword.internal.KeywordMain.runKeyword(KeywordMain.groovy:68)
	at com.kms.katalon.core.webservice.keyword.builtin.VerifyElementPropertyValueKeyword.verifyElementPropertyValue(VerifyElementPropertyValueKeyword.groovy:48)
	at com.kms.katalon.core.webservice.keyword.builtin.VerifyElementPropertyValueKeyword.execute(VerifyElementPropertyValueKeyword.groovy:43)
	at com.kms.katalon.core.keyword.internal.KeywordExecutor.executeKeywordForPlatform(KeywordExecutor.groovy:73)
	at com.kms.katalon.core.webservice.keyword.WSBuiltInKeywords.verifyElementPropertyValue(WSBuiltInKeywords.groovy:189)
	at com.kms.katalon.core.webservice.keyword.WSBuiltInKeywords$verifyElementPropertyValue$2.call(Unknown Source)
	at getConsultaReferencia_SU.run(getConsultaReferencia_SU:104)
	at com.kms.katalon.core.main.ScriptEngine.run(ScriptEngine.java:194)
	at com.kms.katalon.core.main.ScriptEngine.runScriptAsRawText(ScriptEngine.java:119)
	at com.kms.katalon.core.main.TestCaseExecutor.runScript(TestCaseExecutor.java:369)
	at com.kms.katalon.core.main.TestCaseExecutor.doExecute(TestCaseExecutor.java:360)
	at com.kms.katalon.core.main.TestCaseExecutor.processExecutionPhase(TestCaseExecutor.java:339)
	at com.kms.katalon.core.main.TestCaseExecutor.accessMainPhase(TestCaseExecutor.java:331)
	at com.kms.katalon.core.main.TestCaseExecutor.execute(TestCaseExecutor.java:248)
	at com.kms.katalon.core.main.TestSuiteExecutor.accessTestCaseMainPhase(TestSuiteExecutor.java:191)
	at com.kms.katalon.core.main.TestSuiteExecutor.accessTestSuiteMainPhase(TestSuiteExecutor.java:140)
	at com.kms.katalon.core.main.TestSuiteExecutor.execute(TestSuiteExecutor.java:89)
	at com.kms.katalon.core.main.TestCaseMain.startTestSuite(TestCaseMain.java:185)
	at com.kms.katalon.core.main.TestCaseMain$startTestSuite$0.call(Unknown Source)
	at TempTestSuite1626462378000.run(TempTestSuite1626462378000.groovy:39)]]></system-err>
      </testcase>
      <system-out><![CDATA[2021-07-16 14:06:24 - [TEST_SUITE][FAILED] - TS_AutorizacionReferencia_SU: Test Cases/FVAutorizacionesReferencia_SU/getConsultaReferenciaAut_SU FAILED.
Reason:
com.kms.katalon.core.exception.StepFailedException: Expected element property value '67,104' is not equal with actual property value '67221'
	at com.kms.katalon.core.keyword.internal.KeywordMain.stepFailed(KeywordMain.groovy:39)
	at com.kms.katalon.core.webservice.keyword.builtin.VerifyElementPropertyValueKeyword$_verifyElementPropertyValue_closure1.doCall(VerifyElementPropertyValueKeyword.groovy:56)
	at com.kms.katalon.core.webservice.keyword.builtin.VerifyElementPropertyValueKeyword$_verifyElementPropertyValue_closure1.call(VerifyElementPropertyValueKeyword.groovy)
	at com.kms.katalon.core.keyword.internal.KeywordMain.runKeyword(KeywordMain.groovy:68)
	at com.kms.katalon.core.webservice.keyword.builtin.VerifyElementPropertyValueKeyword.verifyElementPropertyValue(VerifyElementPropertyValueKeyword.groovy:48)
	at com.kms.katalon.core.webservice.keyword.builtin.VerifyElementPropertyValueKeyword.execute(VerifyElementPropertyValueKeyword.groovy:43)
	at com.kms.katalon.core.keyword.internal.KeywordExecutor.executeKeywordForPlatform(KeywordExecutor.groovy:73)
	at com.kms.katalon.core.webservice.keyword.WSBuiltInKeywords.verifyElementPropertyValue(WSBuiltInKeywords.groovy:189)
	at com.kms.katalon.core.webservice.keyword.WSBuiltInKeywords$verifyElementPropertyValue$2.call(Unknown Source)
	at getConsultaReferenciaAut_SU.run(getConsultaReferenciaAut_SU:107)
	at com.kms.katalon.core.main.ScriptEngine.run(ScriptEngine.java:194)
	at com.kms.katalon.core.main.ScriptEngine.runScriptAsRawText(ScriptEngine.java:119)
	at com.kms.katalon.core.main.TestCaseExecutor.runScript(TestCaseExecutor.java:369)
	at com.kms.katalon.core.main.TestCaseExecutor.doExecute(TestCaseExecutor.java:360)
	at com.kms.katalon.core.main.TestCaseExecutor.processExecutionPhase(TestCaseExecutor.java:339)
	at com.kms.katalon.core.main.TestCaseExecutor.accessMainPhase(TestCaseExecutor.java:331)
	at com.kms.katalon.core.main.TestCaseExecutor.execute(TestCaseExecutor.java:248)
	at com.kms.katalon.core.main.TestSuiteExecutor.accessTestCaseMainPhase(TestSuiteExecutor.java:191)
	at com.kms.katalon.core.main.TestSuiteExecutor.accessTestSuiteMainPhase(TestSuiteExecutor.java:140)
	at com.kms.katalon.core.main.TestSuiteExecutor.execute(TestSuiteExecutor.java:89)
	at com.kms.katalon.core.main.TestCaseMain.startTestSuite(TestCaseMain.java:185)
	at com.kms.katalon.core.main.TestCaseMain$startTestSuite$0.call(Unknown Source)
	at TempTestSuite1626462378000.run(TempTestSuite1626462378000.groovy:39)]]></system-out>
      <system-err><![CDATA[2021-07-16 14:06:24 - [TEST_SUITE][FAILED] - TS_AutorizacionReferencia_SU: Test Cases/FVAutorizacionesReferencia_SU/getConsultaReferenciaAut_SU FAILED.
Reason:
com.kms.katalon.core.exception.StepFailedException: Expected element property value '67,104' is not equal with actual property value '67221'
	at com.kms.katalon.core.keyword.internal.KeywordMain.stepFailed(KeywordMain.groovy:39)
	at com.kms.katalon.core.webservice.keyword.builtin.VerifyElementPropertyValueKeyword$_verifyElementPropertyValue_closure1.doCall(VerifyElementPropertyValueKeyword.groovy:56)
	at com.kms.katalon.core.webservice.keyword.builtin.VerifyElementPropertyValueKeyword$_verifyElementPropertyValue_closure1.call(VerifyElementPropertyValueKeyword.groovy)
	at com.kms.katalon.core.keyword.internal.KeywordMain.runKeyword(KeywordMain.groovy:68)
	at com.kms.katalon.core.webservice.keyword.builtin.VerifyElementPropertyValueKeyword.verifyElementPropertyValue(VerifyElementPropertyValueKeyword.groovy:48)
	at com.kms.katalon.core.webservice.keyword.builtin.VerifyElementPropertyValueKeyword.execute(VerifyElementPropertyValueKeyword.groovy:43)
	at com.kms.katalon.core.keyword.internal.KeywordExecutor.executeKeywordForPlatform(KeywordExecutor.groovy:73)
	at com.kms.katalon.core.webservice.keyword.WSBuiltInKeywords.verifyElementPropertyValue(WSBuiltInKeywords.groovy:189)
	at com.kms.katalon.core.webservice.keyword.WSBuiltInKeywords$verifyElementPropertyValue$2.call(Unknown Source)
	at getConsultaReferenciaAut_SU.run(getConsultaReferenciaAut_SU:107)
	at com.kms.katalon.core.main.ScriptEngine.run(ScriptEngine.java:194)
	at com.kms.katalon.core.main.ScriptEngine.runScriptAsRawText(ScriptEngine.java:119)
	at com.kms.katalon.core.main.TestCaseExecutor.runScript(TestCaseExecutor.java:369)
	at com.kms.katalon.core.main.TestCaseExecutor.doExecute(TestCaseExecutor.java:360)
	at com.kms.katalon.core.main.TestCaseExecutor.processExecutionPhase(TestCaseExecutor.java:339)
	at com.kms.katalon.core.main.TestCaseExecutor.accessMainPhase(TestCaseExecutor.java:331)
	at com.kms.katalon.core.main.TestCaseExecutor.execute(TestCaseExecutor.java:248)
	at com.kms.katalon.core.main.TestSuiteExecutor.accessTestCaseMainPhase(TestSuiteExecutor.java:191)
	at com.kms.katalon.core.main.TestSuiteExecutor.accessTestSuiteMainPhase(TestSuiteExecutor.java:140)
	at com.kms.katalon.core.main.TestSuiteExecutor.execute(TestSuiteExecutor.java:89)
	at com.kms.katalon.core.main.TestCaseMain.startTestSuite(TestCaseMain.java:185)
	at com.kms.katalon.core.main.TestCaseMain$startTestSuite$0.call(Unknown Source)
	at TempTestSuite1626462378000.run(TempTestSuite1626462378000.groovy:39)]]></system-err>
   </testsuite>
</testsuites>
